99.01.07 10:19 B E:\Data Files\PData99\TXTData\Airlineq.txt --> instruction.bus.wisc.edu /jfrees/PData99/TXTData Airlineq.txt
99.01.07 10:19 B E:\Data Files\PData99\TXTData\Bondmatq.txt --> instruction.bus.wisc.edu /jfrees/PData99/TXTData Bondmatq.txt
99.01.07 10:19 B E:\Data Files\PData99\TXTData\Charityq.txt --> instruction.bus.wisc.edu /jfrees/PData99/TXTData Charityq.txt
99.01.07 10:19 B E:\Data Files\PData99\TXTData\Divorceq.txt --> instruction.bus.wisc.edu /jfrees/PData99/TXTData Divorceq.txt
99.01.07 10:19 B E:\Data Files\PData99\TXTData\Electrcq.txt --> instruction.bus.wisc.edu /jfrees/PData99/TXTData Electrcq.txt
99.01.07 10:19 B E:\Data Files\PData99\TXTData\Glifeq.txt --> instruction.bus.wisc.edu /jfrees/PData99/TXTData Glifeq.txt
99.01.07 10:19 B E:\Data Files\PData99\TXTData\Hpriceq.txt --> instruction.bus.wisc.edu /jfrees/PData99/TXTData Hpriceq.txt
99.01.07 10:19 B E:\Data Files\PData99\TXTData\Medicarq.txt --> instruction.bus.wisc.edu /jfrees/PData99/TXTData Medicarq.txt
99.01.07 10:19 B E:\Data Files\PData99\TXTData\PLdmandq.txt --> instruction.bus.wisc.edu /jfrees/PData99/TXTData PLdmandq.txt
99.01.07 10:19 B E:\Data Files\PData99\TXTData\Studentq.txt --> instruction.bus.wisc.edu /jfrees/PData99/TXTData Studentq.txt
99.01.07 10:19 B E:\Data Files\PData99\TXTData\Taxprepq.txt --> instruction.bus.wisc.edu /jfrees/PData99/TXTData Taxprepq.txt
99.01.07 10:19 B E:\Data Files\PData99\TXTData\Tfilingq.txt --> instruction.bus.wisc.edu /jfrees/PData99/TXTData Tfilingq.txt
99.01.07 10:19 B E:\Data Files\PData99\TXTData\Workercq.txt --> instruction.bus.wisc.edu /jfrees/PData99/TXTData Workercq.txt
2002.12.20 07:54 B C:\My Documents\Book2\Data\TXTData\Airline.txt --> research.bus.wisc.edu /jfrees/Book2/Data/TXTData Airline.txt
2002.12.20 07:55 B C:\My Documents\Book2\Data\TXTData\Bondmat.txt --> research.bus.wisc.edu /jfrees/Book2/Data/TXTData Bondmat.txt
2002.12.20 07:56 B C:\My Documents\Book2\Data\TXTData\Capital.txt --> research.bus.wisc.edu /jfrees/Book2/Data/TXTData Capital.txt
2002.12.20 07:56 B C:\My Documents\Book2\Data\TXTData\Charity.txt --> research.bus.wisc.edu /jfrees/Book2/Data/TXTData Charity.txt
2002.12.20 07:56 B C:\My Documents\Book2\Data\TXTData\Divorce.txt --> research.bus.wisc.edu /jfrees/Book2/Data/TXTData Divorce.txt
2002.12.20 07:56 B C:\My Documents\Book2\Data\TXTData\Electrc.txt --> research.bus.wisc.edu /jfrees/Book2/Data/TXTData Electrc.txt
2002.12.20 07:56 B C:\My Documents\Book2\Data\TXTData\Glife.txt --> research.bus.wisc.edu /jfrees/Book2/Data/TXTData Glife.txt
2002.12.20 07:56 B C:\My Documents\Book2\Data\TXTData\Hprice.txt --> research.bus.wisc.edu /jfrees/Book2/Data/TXTData Hprice.txt
2002.12.20 07:56 B C:\My Documents\Book2\Data\TXTData\Lottery.txt --> research.bus.wisc.edu /jfrees/Book2/Data/TXTData Lottery.txt
2002.12.20 07:56 B C:\My Documents\Book2\Data\TXTData\Medicare.txt --> research.bus.wisc.edu /jfrees/Book2/Data/TXTData Medicare.txt
2002.12.20 07:56 B C:\My Documents\Book2\Data\TXTData\PLdmand.txt --> research.bus.wisc.edu /jfrees/Book2/Data/TXTData PLdmand.txt
2002.12.20 07:56 B C:\My Documents\Book2\Data\TXTData\PLDmandold.txt --> research.bus.wisc.edu /jfrees/Book2/Data/TXTData PLDmandold.txt
2002.12.20 07:56 B C:\My Documents\Book2\Data\TXTData\Studentqold.txt --> research.bus.wisc.edu /jfrees/Book2/Data/TXTData Studentqold.txt
2002.12.20 07:56 B C:\My Documents\Book2\Data\TXTData\Taxprep.txt --> research.bus.wisc.edu /jfrees/Book2/Data/TXTData Taxprep.txt
2002.12.20 07:56 B C:\My Documents\Book2\Data\TXTData\Tfiling.txt --> research.bus.wisc.edu /jfrees/Book2/Data/TXTData Tfiling.txt
2002.12.20 07:56 B C:\My Documents\Book2\Data\TXTData\WorkerC.txt --> research.bus.wisc.edu /jfrees/Book2/Data/TXTData WorkerC.txt
